#
# A fatal error has been detected by the Java Runtime Environment:
#
#  SIGSEGV (0xb) at pc=0x0000000105ad7908, pid=8227, tid=19203
#
# JRE version: Java(TM) SE Runtime Environment (8.0_65-b17) (build 1.8.0_65-b17)
# Java VM: Java HotSpot(TM) 64-Bit Server VM (25.65-b01 mixed mode bsd-amd64 compressed oops)
# Problematic frame:
# V  [libjvm.dylib+0x446908]
#
# Failed to write core dump. Core dumps have been disabled. To enable core dumping, try "ulimit -c unlimited" before starting Java again
#
# If you would like to submit a bug report, please visit:
#   http://bugreport.java.com/bugreport/crash.jsp
#

---------------  T H R E A D  ---------------

Current thread (0x00007fb4be013800):  JavaThread "JDWP Transport Listener: dt_socket" daemon [_thread_in_vm, id=19203, stack(0x0000700000f47000,0x0000700001047000)]

siginfo: si_signo: 11 (SIGSEGV), si_code: 1 (SEGV_MAPERR), si_addr: 0x00007fb400000003

Registers:
RAX=0x0000000000000001, RBX=0x0000700001046a8b, RCX=0x0000000105ea6310, RDX=0x0000700001046a8b
RSP=0x00007000010469d0, RBP=0x00007000010469e0, RSI=0x00007fb4be013800, RDI=0x00007fb400000003
R8 =0x0000000000000004, R9 =0x0000000000000000, R10=0x0000000000000005, R11=0x00007fb4bad00000
R12=0x00007fb4be013800, R13=0x00007fb400000003, R14=0x00007fb400000003, R15=0x00007fb4bac15150
RIP=0x0000000105ad7908, EFLAGS=0x0000000000010206, ERR=0x0000000000000004
  TRAPNO=0x000000000000000e

Top of Stack: (sp=0x00007000010469d0)
0x00007000010469d0:   0000700001046a8b 0000700001046a8b
0x00007000010469e0:   0000700001046a40 00000001059e6a02
0x00007000010469f0:   00007fb4be013800 0000000000000000
0x0000700001046a00:   0000000000000000 0000000000000000
0x0000700001046a10:   00007fb4be013800 00007fb4be013800
0x0000700001046a20:   0000700001046a8b 0000700001046a90
0x0000700001046a30:   00007fb400000003 0000000000000006
0x0000700001046a40:   0000700001046a60 000000010667e780
0x0000700001046a50:   0000000000000001 0000700001046b08
0x0000700001046a60:   0000700001046ad0 00000001066631f3
0x0000700001046a70:   0000700001046aa0 00007fb4bad10d80
0x0000700001046a80:   0000000700000032 0000000a00046b08
0x0000700001046a90:   0000000000000000 0000000000000000
0x0000700001046aa0:   0000000000000000 0000700001046c90
0x0000700001046ab0:   0000000106685e7a 00007fb4bc10dec0
0x0000700001046ac0:   0000700001046b08 0000000106691598
0x0000700001046ad0:   0000700001046ae0 00000001066632ec
0x0000700001046ae0:   0000700001046d00 000000010666c898
0x0000700001046af0:   00018ee000000013 00000000000f0200
0x0000700001046b00:   00007fb4bc10d940 00007fb4bad1189a
0x0000700001046b10:   00007fb40000022e 00007fb4bad10120
0x0000700001046b20:   000000000000012c 0000700001046b58
0x0000700001046b30:   00007fb4bad10120 0000000000000000
0x0000700001046b40:   00018ee00000001c 00007fff00006380
0x0000700001046b50:   0000700001046b58 b47f000007000000
0x0000700001046b60:   0e000000e000d1ba 72756f4364616572
0x0000700001046b70:   00007473694c6573 0000005629280300
0x0000700001046b80:   7f00000a00000000 000000b000d1bab4
0x0000700001046b90:   003e74696e693c06 0000562928030000
0x0000700001046ba0:   0000010000000000 0000c000d1bab47f
0x0000700001046bb0:   00006e69616d0400 76616a4c5b281600
0x0000700001046bc0:   532f676e616c2f61 56293b676e697274 

Instructions: (pc=0x0000000105ad7908)
0x0000000105ad78e8:   40 48 48 85 c0 75 e0 30 c0 0f b6 c0 5d c3 31 c0
0x0000000105ad78f8:   5d c3 55 48 89 e5 53 48 83 ec 08 48 85 ff 74 24
0x0000000105ad7908:   48 8b 1f 48 85 db 74 1c 48 83 fb 37 74 16 48 8b
0x0000000105ad7918:   03 48 89 df ff 50 10 84 c0 b8 00 00 00 00 48 0f 

Register to memory mapping:

RAX=0x0000000000000001 is an unknown value
RBX=0x0000700001046a8b is pointing into the stack for thread: 0x00007fb4be013800
RCX=0x0000000105ea6310: UseMembar+0 in /Library/Java/JavaVirtualMachines/jdk1.8.0_65.jdk/Contents/Home/jre/lib/server/libjvm.dylib at 0x0000000105691000
RDX=0x0000700001046a8b is pointing into the stack for thread: 0x00007fb4be013800
RSP=0x00007000010469d0 is pointing into the stack for thread: 0x00007fb4be013800
RBP=0x00007000010469e0 is pointing into the stack for thread: 0x00007fb4be013800
RSI=0x00007fb4be013800 is a thread
RDI=0x00007fb400000003 is an unknown value
R8 =0x0000000000000004 is an unknown value
R9 =0x0000000000000000 is an unknown value
R10=0x0000000000000005 is an unknown value
R11=0x00007fb4bad00000 is an unknown value
R12=0x00007fb4be013800 is a thread
R13=0x00007fb400000003 is an unknown value
R14=0x00007fb400000003 is an unknown value
R15=0x00007fb4bac15150 is an unknown value


Stack: [0x0000700000f47000,0x0000700001047000],  sp=0x00007000010469d0,  free space=1022k
Native frames: (J=compiled Java code, j=interpreted, Vv=VM code, C=native code)
V  [libjvm.dylib+0x446908]
V  [libjvm.dylib+0x355a02]
C  [libjdwp.dylib+0x20780]  isMethodSynthetic+0x63
C  [libjdwp.dylib+0x51f3]  methods1+0x10b
C  [libjdwp.dylib+0x52ec]  methodsWithGeneric+0xe
C  [libjdwp.dylib+0xe898]  debugLoop_run+0x1ce
C  [libjdwp.dylib+0x1f6ba]  attachThread+0x4d
V  [libjvm.dylib+0x396d60]
V  [libjvm.dylib+0x5612d3]
V  [libjvm.dylib+0x5629ce]
V  [libjvm.dylib+0x48342e]
C  [libsystem_pthread.dylib+0x3c13]  _pthread_body+0x83
C  [libsystem_pthread.dylib+0x3b90]  _pthread_body+0x0
C  [libsystem_pthread.dylib+0x1375]  thread_start+0xd
C  0x0000000000000000


---------------  P R O C E S S  ---------------

Java Threads: ( => current thread )
  0x00007fb4bb858000 JavaThread "Service Thread" daemon [_thread_blocked, id=22787, stack(0x000070000165c000,0x000070000175c000)]
  0x00007fb4bd847000 JavaThread "C1 CompilerThread3" daemon [_thread_blocked, id=22275, stack(0x0000700001559000,0x0000700001659000)]
  0x00007fb4bb805000 JavaThread "C2 CompilerThread2" daemon [_thread_blocked, id=21763, stack(0x0000700001456000,0x0000700001556000)]
  0x00007fb4be014800 JavaThread "C2 CompilerThread1" daemon [_thread_blocked, id=21251, stack(0x0000700001353000,0x0000700001453000)]
  0x00007fb4bf002000 JavaThread "C2 CompilerThread0" daemon [_thread_blocked, id=20739, stack(0x0000700001250000,0x0000700001350000)]
  0x00007fb4bb800800 JavaThread "JDWP Command Reader" daemon [_thread_in_native, id=20227, stack(0x000070000114d000,0x000070000124d000)]
  0x00007fb4bf000000 JavaThread "JDWP Event Helper Thread" daemon [_thread_blocked, id=19715, stack(0x000070000104a000,0x000070000114a000)]
=>0x00007fb4be013800 JavaThread "JDWP Transport Listener: dt_socket" daemon [_thread_in_vm, id=19203, stack(0x0000700000f47000,0x0000700001047000)]
  0x00007fb4be801000 JavaThread "Signal Dispatcher" daemon [_thread_blocked, id=15887, stack(0x0000700000e44000,0x0000700000f44000)]
  0x00007fb4bb023800 JavaThread "Finalizer" daemon [_thread_blocked, id=13827, stack(0x0000700000c3b000,0x0000700000d3b000)]
  0x00007fb4bb022800 JavaThread "Reference Handler" daemon [_thread_blocked, id=13315, stack(0x0000700000b38000,0x0000700000c38000)]
  0x00007fb4bd001800 JavaThread "main" [_thread_blocked, id=4099, stack(0x0000700000084000,0x0000700000184000)]

Other Threads:
  0x00007fb4bb020000 VMThread [stack: 0x0000700000a35000,0x0000700000b35000] [id=12803]
  0x00007fb4bb859000 WatcherThread [stack: 0x000070000175f000,0x000070000185f000] [id=23299]

VM state:not at safepoint (normal execution)

VM Mutex/Monitor currently owned by a thread: None

Heap:
 PSYoungGen      total 76288K, used 5243K [0x000000076ab00000, 0x0000000770000000, 0x00000007c0000000)
  eden space 65536K, 8% used [0x000000076ab00000,0x000000076b01ec70,0x000000076eb00000)
  from space 10752K, 0% used [0x000000076f580000,0x000000076f580000,0x0000000770000000)
  to   space 10752K, 0% used [0x000000076eb00000,0x000000076eb00000,0x000000076f580000)
 ParOldGen       total 175104K, used 0K [0x00000006c0000000, 0x00000006cab00000, 0x000000076ab00000)
  object space 175104K, 0% used [0x00000006c0000000,0x00000006c0000000,0x00000006cab00000)
 Metaspace       used 3498K, capacity 4636K, committed 4864K, reserved 1056768K
  class space    used 394K, capacity 396K, committed 512K, reserved 1048576K

Card table byte_map: [0x0000000116c00000,0x0000000117401000] byte_map_base: 0x0000000113600000

Marking Bits: (ParMarkBitMap*) 0x0000000105f6fe20
 Begin Bits: [0x0000000117957000, 0x000000011b957000)
 End Bits:   [0x000000011b957000, 0x000000011f957000)

Polling page: 0x000000010665d000

CodeCache: size=245760Kb used=1144Kb max_used=1144Kb free=244615Kb
 bounds [0x00000001066bf000, 0x000000010692f000, 0x00000001156bf000]
 total_blobs=283 nmethods=40 adapters=165
 compilation: enabled

Compilation events (10 events):
Event: 0.174 Thread 0x00007fb4bd847000   39       3       java.util.HashMap::putVal (300 bytes)
Event: 0.175 Thread 0x00007fb4bd847000 nmethod 39 0x00000001067d97d0 code [0x00000001067d9a40, 0x00000001067dad78]
Event: 0.175 Thread 0x00007fb4bd847000   36       3       java.util.HashMap$Node::<init> (26 bytes)
Event: 0.176 Thread 0x00007fb4bd847000 nmethod 36 0x00000001067db510 code [0x00000001067db680, 0x00000001067db870]
Event: 0.176 Thread 0x00007fb4bd847000   37       3       java.util.HashMap::newNode (13 bytes)
Event: 0.176 Thread 0x00007fb4bd847000 nmethod 37 0x00000001067dbb90 code [0x00000001067dbd00, 0x00000001067dbfb0]
Event: 0.176 Thread 0x00007fb4bd847000   38       3       java.util.HashMap::afterNodeInsertion (1 bytes)
Event: 0.176 Thread 0x00007fb4bd847000 nmethod 38 0x00000001067dc110 code [0x00000001067dc260, 0x00000001067dc3b0]
Event: 0.177 Thread 0x00007fb4bd847000   40       1       java.lang.String::length (6 bytes)
Event: 0.177 Thread 0x00007fb4bd847000 nmethod 40 0x00000001067dce50 code [0x00000001067dcfa0, 0x00000001067dd0b0]

GC Heap History (0 events):
No events

Deoptimization events (0 events):
No events

Internal exceptions (6 events):
Event: 0.046 Thread 0x00007fb4bd001800 Exception <a 'java/lang/NoSuchMethodError': Method sun.misc.Unsafe.defineClass(Ljava/lang/String;[BII)Ljava/lang/Class; name or signature does not match> (0x000000076ab12d70) thrown at [/Users/java_re/workspace/8-2-build-macosx-x86_64/jdk8u65/4987/hotspot
Event: 0.047 Thread 0x00007fb4bd001800 Exception <a 'java/lang/NoSuchMethodError': Method sun.misc.Unsafe.prefetchRead(Ljava/lang/Object;J)V name or signature does not match> (0x000000076ab13058) thrown at [/Users/java_re/workspace/8-2-build-macosx-x86_64/jdk8u65/4987/hotspot/src/share/vm/prim
Event: 0.167 Thread 0x00007fb4bd001800 Exception <a 'java/security/PrivilegedActionException'> (0x000000076ab9e370) thrown at [/Users/java_re/workspace/8-2-build-macosx-x86_64/jdk8u65/4987/hotspot/src/share/vm/prims/jvm.cpp, line 1386]
Event: 0.167 Thread 0x00007fb4bd001800 Exception <a 'java/security/PrivilegedActionException'> (0x000000076ab9e768) thrown at [/Users/java_re/workspace/8-2-build-macosx-x86_64/jdk8u65/4987/hotspot/src/share/vm/prims/jvm.cpp, line 1386]
Event: 0.167 Thread 0x00007fb4bd001800 Exception <a 'java/security/PrivilegedActionException'> (0x000000076aba1bf0) thrown at [/Users/java_re/workspace/8-2-build-macosx-x86_64/jdk8u65/4987/hotspot/src/share/vm/prims/jvm.cpp, line 1386]
Event: 0.167 Thread 0x00007fb4bd001800 Exception <a 'java/security/PrivilegedActionException'> (0x000000076aba1fe8) thrown at [/Users/java_re/workspace/8-2-build-macosx-x86_64/jdk8u65/4987/hotspot/src/share/vm/prims/jvm.cpp, line 1386]

Events (10 events):
Event: 3401.174 Executing VM operation: EnterInterpOnlyMode
Event: 3401.174 Executing VM operation: EnterInterpOnlyMode done
Event: 3401.174 Executing VM operation: GetCurrentLocation
Event: 3401.174 Executing VM operation: GetCurrentLocation done
Event: 3401.174 Executing VM operation: ChangeSingleStep
Event: 3401.174 Executing VM operation: ChangeSingleStep done
Event: 3401.174 Executing VM operation: ChangeSingleStep
Event: 3401.174 Executing VM operation: ChangeSingleStep done
Event: 3577.552 Executing VM operation: RedefineClasses
Event: 3577.552 Executing VM operation: RedefineClasses done


Dynamic libraries:
0x0000000004968000 	/System/Library/Frameworks/Cocoa.framework/Versions/A/Cocoa
0x0000000004968000 	/System/Library/Frameworks/Security.framework/Versions/A/Security
0x0000000004968000 	/System/Library/Frameworks/ApplicationServices.framework/Versions/A/ApplicationServices
0x0000000004968000 	/usr/lib/libz.1.dylib
0x0000000004968000 	/usr/lib/libSystem.B.dylib
0x0000000004968000 	/usr/lib/libobjc.A.dylib
0x0000000004968000 	/System/Library/Frameworks/CoreFoundation.framework/Versions/A/CoreFoundation
0x0000000004968000 	/System/Library/Frameworks/Foundation.framework/Versions/C/Foundation
0x0000000004968000 	/System/Library/Frameworks/AppKit.framework/Versions/C/AppKit
0x0000000004968000 	/System/Library/Frameworks/CoreData.framework/Versions/A/CoreData
0x0000000004968000 	/System/Library/PrivateFrameworks/RemoteViewServices.framework/Versions/A/RemoteViewServices
0x0000000004968000 	/System/Library/PrivateFrameworks/UIFoundation.framework/Versions/A/UIFoundation
0x0000000004968000 	/usr/lib/libScreenReader.dylib
0x0000000004968000 	/System/Library/Frameworks/Accelerate.framework/Versions/A/Accelerate
0x0000000004968000 	/System/Library/Frameworks/IOSurface.framework/Versions/A/IOSurface
0x0000000004968000 	/System/Library/Frameworks/AudioToolbox.framework/Versions/A/AudioToolbox
0x0000000004968000 	/System/Library/Frameworks/AudioUnit.framework/Versions/A/AudioUnit
0x0000000004968000 	/System/Library/PrivateFrameworks/DataDetectorsCore.framework/Versions/A/DataDetectorsCore
0x0000000004968000 	/System/Library/PrivateFrameworks/DesktopServicesPriv.framework/Versions/A/DesktopServicesPriv
0x0000000004968000 	/System/Library/Frameworks/Carbon.framework/Versions/A/Frameworks/HIToolbox.framework/Versions/A/HIToolbox
0x0000000004968000 	/System/Library/Frameworks/QuartzCore.framework/Versions/A/QuartzCore
0x0000000004968000 	/System/Library/Frameworks/Carbon.framework/Versions/A/Frameworks/SpeechRecognition.framework/Versions/A/SpeechRecognition
0x0000000004968000 	/usr/lib/libauto.dylib
0x0000000004968000 	/usr/lib/libicucore.A.dylib
0x0000000004968000 	/usr/lib/libxml2.2.dylib
0x0000000004968000 	/System/Library/PrivateFrameworks/CoreUI.framework/Versions/A/CoreUI
0x0000000004968000 	/System/Library/Frameworks/CoreAudio.framework/Versions/A/CoreAudio
0x0000000004968000 	/System/Library/Frameworks/DiskArbitration.framework/Versions/A/DiskArbitration
0x0000000004968000 	/usr/lib/liblangid.dylib
0x0000000004968000 	/System/Library/PrivateFrameworks/MultitouchSupport.framework/Versions/A/MultitouchSupport
0x0000000004968000 	/System/Library/Frameworks/IOKit.framework/Versions/A/IOKit
0x0000000004968000 	/usr/lib/libDiagnosticMessagesClient.dylib
0x0000000004968000 	/System/Library/Frameworks/CoreServices.framework/Versions/A/CoreServices
0x0000000004968000 	/System/Library/PrivateFrameworks/PerformanceAnalysis.framework/Versions/A/PerformanceAnalysis
0x0000000004968000 	/System/Library/PrivateFrameworks/GenerationalStorage.framework/Versions/A/GenerationalStorage
0x0000000004968000 	/System/Library/Frameworks/OpenGL.framework/Versions/A/OpenGL
0x0000000004968000 	/System/Library/PrivateFrameworks/Sharing.framework/Versions/A/Sharing
0x0000000004968000 	/System/Library/Frameworks/CoreGraphics.framework/Versions/A/CoreGraphics
0x0000000004968000 	/System/Library/Frameworks/CoreImage.framework/Versions/A/CoreImage
0x0000000004968000 	/System/Library/Frameworks/CoreText.framework/Versions/A/CoreText
0x0000000004968000 	/System/Library/Frameworks/ImageIO.framework/Versions/A/ImageIO
0x0000000004968000 	/System/Library/PrivateFrameworks/Backup.framework/Versions/A/Backup
0x0000000004968000 	/usr/lib/libextension.dylib
0x0000000004968000 	/usr/lib/libarchive.2.dylib
0x0000000004968000 	/System/Library/Frameworks/CFNetwork.framework/Versions/A/CFNetwork
0x0000000004968000 	/System/Library/Frameworks/SystemConfiguration.framework/Versions/A/SystemConfiguration
0x0000000004968000 	/usr/lib/libCRFSuite.dylib
0x0000000004968000 	/usr/lib/libc++.1.dylib
0x0000000004968000 	/usr/lib/libc++abi.dylib
0x0000000004968000 	/usr/lib/system/libcache.dylib
0x0000000004968000 	/usr/lib/system/libcommonCrypto.dylib
0x0000000004968000 	/usr/lib/system/libcompiler_rt.dylib
0x0000000004968000 	/usr/lib/system/libcopyfile.dylib
0x0000000004968000 	/usr/lib/system/libcorecrypto.dylib
0x0000000004968000 	/usr/lib/system/libdispatch.dylib
0x0000000004968000 	/usr/lib/system/libdyld.dylib
0x0000000004968000 	/usr/lib/system/libkeymgr.dylib
0x0000000004968000 	/usr/lib/system/liblaunch.dylib
0x0000000004968000 	/usr/lib/system/libmacho.dylib
0x0000000004968000 	/usr/lib/system/libquarantine.dylib
0x0000000004968000 	/usr/lib/system/libremovefile.dylib
0x0000000004968000 	/usr/lib/system/libsystem_asl.dylib
0x0000000004968000 	/usr/lib/system/libsystem_blocks.dylib
0x0000000004968000 	/usr/lib/system/libsystem_c.dylib
0x0000000004968000 	/usr/lib/system/libsystem_configuration.dylib
0x0000000004968000 	/usr/lib/system/libsystem_coreservices.dylib
0x0000000004968000 	/usr/lib/system/libsystem_coretls.dylib
0x0000000004968000 	/usr/lib/system/libsystem_dnssd.dylib
0x0000000004968000 	/usr/lib/system/libsystem_info.dylib
0x0000000004968000 	/usr/lib/system/libsystem_kernel.dylib
0x0000000004968000 	/usr/lib/system/libsystem_m.dylib
0x0000000004968000 	/usr/lib/system/libsystem_malloc.dylib
0x0000000004968000 	/usr/lib/system/libsystem_network.dylib
0x0000000004968000 	/usr/lib/system/libsystem_networkextension.dylib
0x0000000004968000 	/usr/lib/system/libsystem_notify.dylib
0x0000000004968000 	/usr/lib/system/libsystem_platform.dylib
0x0000000004968000 	/usr/lib/system/libsystem_pthread.dylib
0x0000000004968000 	/usr/lib/system/libsystem_sandbox.dylib
0x0000000004968000 	/usr/lib/system/libsystem_secinit.dylib
0x0000000004968000 	/usr/lib/system/libsystem_trace.dylib
0x0000000004968000 	/usr/lib/system/libunc.dylib
0x0000000004968000 	/usr/lib/system/libunwind.dylib
0x0000000004968000 	/usr/lib/system/libxpc.dylib
0x0000000004968000 	/usr/lib/libenergytrace.dylib
0x0000000004968000 	/usr/lib/libbsm.0.dylib
0x0000000004968000 	/usr/lib/system/libkxld.dylib
0x0000000004968000 	/usr/lib/libxar.1.dylib
0x0000000004968000 	/usr/lib/libsqlite3.dylib
0x0000000004968000 	/usr/lib/libpam.2.dylib
0x0000000004968000 	/usr/lib/libOpenScriptingUtil.dylib
0x0000000004968000 	/usr/lib/libbz2.1.0.dylib
0x0000000004968000 	/usr/lib/liblzma.5.dylib
0x0000000004968000 	/System/Library/Frameworks/CoreServices.framework/Versions/A/Frameworks/FSEvents.framework/Versions/A/FSEvents
0x0000000004968000 	/System/Library/Frameworks/CoreServices.framework/Versions/A/Frameworks/CarbonCore.framework/Versions/A/CarbonCore
0x0000000004968000 	/System/Library/Frameworks/CoreServices.framework/Versions/A/Frameworks/Metadata.framework/Versions/A/Metadata
0x0000000004968000 	/System/Library/Frameworks/CoreServices.framework/Versions/A/Frameworks/OSServices.framework/Versions/A/OSServices
0x0000000004968000 	/System/Library/Frameworks/CoreServices.framework/Versions/A/Frameworks/SearchKit.framework/Versions/A/SearchKit
0x0000000004968000 	/System/Library/Frameworks/CoreServices.framework/Versions/A/Frameworks/AE.framework/Versions/A/AE
0x0000000004968000 	/System/Library/Frameworks/CoreServices.framework/Versions/A/Frameworks/LaunchServices.framework/Versions/A/LaunchServices
0x0000000004968000 	/System/Library/Frameworks/CoreServices.framework/Versions/A/Frameworks/DictionaryServices.framework/Versions/A/DictionaryServices
0x0000000004968000 	/System/Library/Frameworks/CoreServices.framework/Versions/A/Frameworks/SharedFileList.framework/Versions/A/SharedFileList
0x0000000004968000 	/System/Library/Frameworks/NetFS.framework/Versions/A/NetFS
0x0000000004968000 	/System/Library/PrivateFrameworks/NetAuth.framework/Versions/A/NetAuth
0x0000000004968000 	/System/Library/PrivateFrameworks/login.framework/Versions/A/Frameworks/loginsupport.framework/Versions/A/loginsupport
0x0000000004968000 	/System/Library/PrivateFrameworks/TCC.framework/Versions/A/TCC
0x0000000004968000 	/usr/lib/libmecabra.dylib
0x0000000004968000 	/System/Library/Frameworks/ApplicationServices.framework/Versions/A/Frameworks/ATS.framework/Versions/A/ATS
0x0000000004968000 	/System/Library/Frameworks/ApplicationServices.framework/Versions/A/Frameworks/ColorSync.framework/Versions/A/ColorSync
0x0000000004968000 	/System/Library/Frameworks/ApplicationServices.framework/Versions/A/Frameworks/HIServices.framework/Versions/A/HIServices
0x0000000004968000 	/System/Library/Frameworks/ApplicationServices.framework/Versions/A/Frameworks/LangAnalysis.framework/Versions/A/LangAnalysis
0x0000000004968000 	/System/Library/Frameworks/ApplicationServices.framework/Versions/A/Frameworks/PrintCore.framework/Versions/A/PrintCore
0x0000000004968000 	/System/Library/Frameworks/ApplicationServices.framework/Versions/A/Frameworks/QD.framework/Versions/A/QD
0x0000000004968000 	/System/Library/Frameworks/ApplicationServices.framework/Versions/A/Frameworks/SpeechSynthesis.framework/Versions/A/SpeechSynthesis
0x0000000004968000 	/System/Library/Frameworks/Metal.framework/Versions/A/Metal
0x0000000004968000 	/System/Library/Frameworks/Accelerate.framework/Versions/A/Frameworks/vImage.framework/Versions/A/vImage
0x0000000004968000 	/System/Library/Frameworks/Accelerate.framework/Versions/A/Frameworks/vecLib.framework/Versions/A/vecLib
0x0000000004968000 	/System/Library/Frameworks/Accelerate.framework/Versions/A/Frameworks/vecLib.framework/Versions/A/libvDSP.dylib
0x0000000004968000 	/System/Library/Frameworks/Accelerate.framework/Versions/A/Frameworks/vecLib.framework/Versions/A/libvMisc.dylib
0x0000000004968000 	/System/Library/Frameworks/Accelerate.framework/Versions/A/Frameworks/vecLib.framework/Versions/A/libLAPACK.dylib
0x0000000004968000 	/System/Library/Frameworks/Accelerate.framework/Versions/A/Frameworks/vecLib.framework/Versions/A/libBLAS.dylib
0x0000000004968000 	/System/Library/Frameworks/Accelerate.framework/Versions/A/Frameworks/vecLib.framework/Versions/A/libLinearAlgebra.dylib
0x0000000004968000 	/System/Library/Frameworks/Accelerate.framework/Versions/A/Frameworks/vecLib.framework/Versions/A/libSparseBLAS.dylib
0x0000000004968000 	/System/Library/PrivateFrameworks/GPUCompiler.framework/libmetal_timestamp.dylib
0x0000000004968000 	/System/Library/Frameworks/OpenGL.framework/Versions/A/Libraries/libCoreFSCache.dylib
0x0000000004968000 	/System/Library/PrivateFrameworks/IOAccelerator.framework/Versions/A/IOAccelerator
0x0000000004968000 	/System/Library/Frameworks/ApplicationServices.framework/Versions/A/Frameworks/ATS.framework/Versions/A/Resources/libFontParser.dylib
0x0000000004968000 	/System/Library/Frameworks/ApplicationServices.framework/Versions/A/Frameworks/ATS.framework/Versions/A/Resources/libFontRegistry.dylib
0x0000000004968000 	/System/Library/PrivateFrameworks/AppleVPA.framework/Versions/A/AppleVPA
0x0000000004968000 	/System/Library/PrivateFrameworks/AppleJPEG.framework/Versions/A/AppleJPEG
0x0000000004968000 	/System/Library/Frameworks/ImageIO.framework/Versions/A/Resources/libJPEG.dylib
0x0000000004968000 	/System/Library/Frameworks/ImageIO.framework/Versions/A/Resources/libTIFF.dylib
0x0000000004968000 	/System/Library/Frameworks/ImageIO.framework/Versions/A/Resources/libPng.dylib
0x0000000004968000 	/System/Library/Frameworks/ImageIO.framework/Versions/A/Resources/libGIF.dylib
0x0000000004968000 	/System/Library/Frameworks/ImageIO.framework/Versions/A/Resources/libJP2.dylib
0x0000000004968000 	/System/Library/Frameworks/ImageIO.framework/Versions/A/Resources/libRadiance.dylib
0x0000000004968000 	/System/Library/Frameworks/CoreVideo.framework/Versions/A/CoreVideo
0x0000000004968000 	/System/Library/Frameworks/OpenGL.framework/Versions/A/Libraries/libGLU.dylib
0x0000000004968000 	/System/Library/Frameworks/OpenGL.framework/Versions/A/Libraries/libGFXShared.dylib
0x0000000004968000 	/System/Library/Frameworks/OpenGL.framework/Versions/A/Libraries/libGL.dylib
0x0000000004968000 	/System/Library/Frameworks/OpenGL.framework/Versions/A/Libraries/libGLImage.dylib
0x0000000004968000 	/System/Library/Frameworks/OpenGL.framework/Versions/A/Libraries/libCVMSPluginSupport.dylib
0x0000000004968000 	/System/Library/Frameworks/OpenGL.framework/Versions/A/Libraries/libCoreVMClient.dylib
0x0000000004968000 	/usr/lib/libcups.2.dylib
0x0000000004968000 	/System/Library/Frameworks/Kerberos.framework/Versions/A/Kerberos
0x0000000004968000 	/System/Library/Frameworks/GSS.framework/Versions/A/GSS
0x0000000004968000 	/usr/lib/libresolv.9.dylib
0x0000000004968000 	/usr/lib/libiconv.2.dylib
0x0000000004968000 	/System/Library/PrivateFrameworks/Heimdal.framework/Versions/A/Heimdal
0x0000000004968000 	/usr/lib/libheimdal-asn1.dylib
0x0000000004968000 	/System/Library/Frameworks/OpenDirectory.framework/Versions/A/OpenDirectory
0x0000000004968000 	/System/Library/PrivateFrameworks/CommonAuth.framework/Versions/A/CommonAuth
0x0000000004968000 	/System/Library/Frameworks/OpenDirectory.framework/Versions/A/Frameworks/CFOpenDirectory.framework/Versions/A/CFOpenDirectory
0x0000000004968000 	/System/Library/Frameworks/SecurityFoundation.framework/Versions/A/SecurityFoundation
0x0000000004968000 	/System/Library/PrivateFrameworks/LanguageModeling.framework/Versions/A/LanguageModeling
0x0000000004968000 	/usr/lib/libmarisa.dylib
0x0000000004968000 	/usr/lib/libChineseTokenizer.dylib
0x0000000004968000 	/usr/lib/libcmph.dylib
0x0000000004968000 	/usr/lib/libcompression.dylib
0x0000000004968000 	/System/Library/Frameworks/ServiceManagement.framework/Versions/A/ServiceManagement
0x0000000004968000 	/usr/lib/libxslt.1.dylib
0x0000000004968000 	/System/Library/Frameworks/Carbon.framework/Versions/A/Frameworks/Ink.framework/Versions/A/Ink
0x0000000004968000 	/usr/lib/libFosl_dynamic.dylib
0x0000000004968000 	/System/Library/PrivateFrameworks/FaceCore.framework/Versions/A/FaceCore
0x0000000004968000 	/System/Library/Frameworks/OpenCL.framework/Versions/A/OpenCL
0x0000000004968000 	/System/Library/PrivateFrameworks/CrashReporterSupport.framework/Versions/A/CrashReporterSupport
0x0000000004968000 	/System/Library/PrivateFrameworks/IconServices.framework/Versions/A/IconServices
0x0000000004968000 	/System/Library/PrivateFrameworks/Apple80211.framework/Versions/A/Apple80211
0x0000000004968000 	/System/Library/Frameworks/CoreWLAN.framework/Versions/A/CoreWLAN
0x0000000004968000 	/System/Library/Frameworks/IOBluetooth.framework/Versions/A/IOBluetooth
0x0000000004968000 	/System/Library/PrivateFrameworks/CoreWiFi.framework/Versions/A/CoreWiFi
0x0000000004968000 	/System/Library/Frameworks/CoreBluetooth.framework/Versions/A/CoreBluetooth
0x0000000004968000 	/System/Library/PrivateFrameworks/ChunkingLibrary.framework/Versions/A/ChunkingLibrary
0x0000000004968000 	/System/Library/PrivateFrameworks/DebugSymbols.framework/Versions/A/DebugSymbols
0x0000000004968000 	/System/Library/PrivateFrameworks/CoreSymbolication.framework/Versions/A/CoreSymbolication
0x0000000004968000 	/System/Library/PrivateFrameworks/Symbolication.framework/Versions/A/Symbolication
0x0000000004968000 	/System/Library/PrivateFrameworks/SpeechRecognitionCore.framework/Versions/A/SpeechRecognitionCore
0x0000000105691000 	/Library/Java/JavaVirtualMachines/jdk1.8.0_65.jdk/Contents/Home/jre/lib/server/libjvm.dylib
0x0000000004968000 	/usr/lib/libstdc++.6.dylib
0x000000010661a000 	/Library/Java/JavaVirtualMachines/jdk1.8.0_65.jdk/Contents/Home/jre/lib/libverify.dylib
0x0000000106628000 	/Library/Java/JavaVirtualMachines/jdk1.8.0_65.jdk/Contents/Home/jre/lib/libjava.dylib
0x000000010665e000 	/Library/Java/JavaVirtualMachines/jdk1.8.0_65.jdk/Contents/Home/jre/lib/libjdwp.dylib
0x00000001066a9000 	/Library/Java/JavaVirtualMachines/jdk1.8.0_65.jdk/Contents/Home/jre/lib/libnpt.dylib
0x00000001066b6000 	/Library/Java/JavaVirtualMachines/jdk1.8.0_65.jdk/Contents/Home/jre/lib/libzip.dylib
0x000000012278c000 	/System/Library/Frameworks/JavaVM.framework/Frameworks/JavaRuntimeSupport.framework/JavaRuntimeSupport
0x00000001227a7000 	/System/Library/Frameworks/JavaVM.framework/Versions/A/Frameworks/JavaNativeFoundation.framework/Versions/A/JavaNativeFoundation
0x0000000115bed000 	/System/Library/Frameworks/JavaVM.framework/Versions/A/JavaVM
0x0000000004968000 	/System/Library/Frameworks/Carbon.framework/Versions/A/Carbon
0x00000001227bc000 	/System/Library/PrivateFrameworks/JavaLaunching.framework/Versions/A/JavaLaunching
0x0000000004968000 	/System/Library/Frameworks/Carbon.framework/Versions/A/Frameworks/CommonPanels.framework/Versions/A/CommonPanels
0x0000000004968000 	/System/Library/Frameworks/Carbon.framework/Versions/A/Frameworks/Help.framework/Versions/A/Help
0x0000000004968000 	/System/Library/Frameworks/Carbon.framework/Versions/A/Frameworks/ImageCapture.framework/Versions/A/ImageCapture
0x0000000004968000 	/System/Library/Frameworks/Carbon.framework/Versions/A/Frameworks/OpenScripting.framework/Versions/A/OpenScripting
0x0000000004968000 	/System/Library/Frameworks/Carbon.framework/Versions/A/Frameworks/Print.framework/Versions/A/Print
0x0000000004968000 	/System/Library/Frameworks/Carbon.framework/Versions/A/Frameworks/SecurityHI.framework/Versions/A/SecurityHI
0x00000001240d9000 	/Library/Java/JavaVirtualMachines/jdk1.8.0_65.jdk/Contents/Home/jre/lib/libdt_socket.dylib
0x00000001240e0000 	/Library/Java/JavaVirtualMachines/jdk1.8.0_65.jdk/Contents/Home/jre/lib/libnet.dylib
0x000000012413f000 	/Library/Java/JavaVirtualMachines/jdk1.8.0_65.jdk/Contents/Home/jre/lib/libnio.dylib

VM Arguments:
jvm_args: -agentlib:jdwp=transport=dt_socket,suspend=y,address=localhost:56804 -Dfile.encoding=UTF-8 
java_command: StudentCenter StudentCourseData1.txt StudentCourseData2.txt StudentCourseData3.txt
java_class_path (initial): /Users/morgan/Desktop/workspace/p3/bin
Launcher Type: SUN_STANDARD

Environment Variables:
PATH=/usr/bin:/bin:/usr/sbin:/sbin
SHELL=/bin/bash

Signal Handlers:
SIGSEGV: [libjvm.dylib+0x5a6d31], sa_mask[0]=11111111011111110111111111111111, sa_flags=SA_ONSTACK|SA_RESTART|SA_SIGINFO
SIGBUS: [libjvm.dylib+0x5a6d31], sa_mask[0]=11111111011111110111111111111111, sa_flags=SA_RESTART|SA_SIGINFO
SIGFPE: [libjvm.dylib+0x480a40], sa_mask[0]=11111111011111110111111111111111, sa_flags=SA_RESTART|SA_SIGINFO
SIGPIPE: [libjvm.dylib+0x480a40], sa_mask[0]=11111111011111110111111111111111, sa_flags=SA_RESTART|SA_SIGINFO
SIGXFSZ: [libjvm.dylib+0x480a40], sa_mask[0]=11111111011111110111111111111111, sa_flags=SA_RESTART|SA_SIGINFO
SIGILL: [libjvm.dylib+0x480a40], sa_mask[0]=11111111011111110111111111111111, sa_flags=SA_RESTART|SA_SIGINFO
SIGUSR1: SIG_DFL, sa_mask[0]=00000000000000000000000000000000, sa_flags=none
SIGUSR2: [libjvm.dylib+0x48055e], sa_mask[0]=00100000000000000000000000000000, sa_flags=SA_RESTART|SA_SIGINFO
SIGHUP: [libjvm.dylib+0x47eb35], sa_mask[0]=11111111011111110111111111111111, sa_flags=SA_RESTART|SA_SIGINFO
SIGINT: [libjvm.dylib+0x47eb35], sa_mask[0]=11111111011111110111111111111111, sa_flags=SA_RESTART|SA_SIGINFO
SIGTERM: [libjvm.dylib+0x47eb35], sa_mask[0]=11111111011111110111111111111111, sa_flags=SA_RESTART|SA_SIGINFO
SIGQUIT: [libjvm.dylib+0x47eb35], sa_mask[0]=11111111011111110111111111111111, sa_flags=SA_RESTART|SA_SIGINFO


---------------  S Y S T E M  ---------------

OS:Bsduname:Darwin 15.3.0 Darwin Kernel Version 15.3.0: Thu Dec 10 18:40:58 PST 2015; root:xnu-3248.30.4~1/RELEASE_X86_64 x86_64
rlimit: STACK 8192k, CORE 0k, NPROC 709, NOFILE 10240, AS infinity
load average:9.86 9.97 9.83

CPU:total 8 (4 cores per cpu, 2 threads per core) family 6 model 70 stepping 1, cmov, cx8, fxsr, mmx, sse, sse2, sse3, ssse3, sse4.1, sse4.2, popcnt, avx, avx2, aes, clmul, erms, lzcnt, ht, tsc, tscinvbit, bmi1, bmi2

Memory: 4k page, physical 16777216k(3799760k free)

/proc/meminfo:


vm_info: Java HotSpot(TM) 64-Bit Server VM (25.65-b01) for bsd-amd64 JRE (1.8.0_65-b17), built on Oct  6 2015 15:36:46 by "java_re" with gcc 4.2.1 (Based on Apple Inc. build 5658) (LLVM build 2336.11.00)

time: Tue Mar 15 16:34:59 2016
elapsed time: 3577 seconds (0d 0h 59m 37s)

